<?xml version="1.0" encoding="UTF-8"?>
<!-- Generated by org.testng.reporters.JUnitXMLReporter -->
<testsuite ignored="0" hostname="BLR-LP-600599A" failures="1" tests="1" name="iOS Chromium" time="98.475" errors="0" timestamp="2025-03-21T18:22:32 IST">
  <testcase classname="scraping.Scrap" name="scrapping" time="98.435">
    <failure type="org.openqa.selenium.SessionNotCreatedException" message="Could not start a new session. Handshake response does not match any supported protocol. Response payload:                                                                               {&amp;quot;value&amp;quot;:{&amp;quot;message&amp;quot;:&amp;quot;Could not start Mobile Browser.\n Reason: \nAn unknown server-side error occurred while processing the command. Original error: Unable to start WebDriverAgent session because of xcodebuild failure: A new session could not be created. Details: Error Domain=FBSOpenApplicationErrorDomain Code=3 \&amp;quot;Unable to launch browserstack.chromium.p.109.25112024.chrome.ios.dev because it has an invalid code signature, inadequate entitlements or its profile has not been explicitly trusted by the user.\&amp;quot; UserInfo={BSErrorCodeDescription=Security, NSLocalizedFailureReason=Unable to launch browserstack.chromium.p.109.25112024.chrome.ios.dev because it has an invalid code signature, inadequate entitlements or its profile has not been explicitly trusted by the user.} Make sure you follow the tutorial at https://github.com/appium/appium-xcuitest-driver/blob/master/docs/real-device-config.md. Try to remove the WebDriverAgentRunner application from the device if it is installed and reboot the device.&amp;quot;},&amp;quot;sessionId&amp;quot;:&amp;quot;&amp;quot;,&amp;quot;status&amp;quot;:13} 
Host info: host: &amp;apos;BLR-LP-600599A&amp;apos;, ip: &amp;apos;192.168.239.75&amp;apos;
Build info: version: &amp;apos;4.22.0&amp;apos;, revision: &amp;apos;c5f3146703*&amp;apos;
System info: os.name: &amp;apos;Windows 10&amp;apos;, os.arch: &amp;apos;amd64&amp;apos;, os.version: &amp;apos;10.0&amp;apos;, java.version: &amp;apos;17.0.6&amp;apos;
Driver info: org.openqa.selenium.remote.RemoteWebDriver
Command: [null, newSession {capabilities=[Capabilities {browserName: chromium, bstack:options: {accessKey: yEBTRX5KRof5cLxdwct8, buildName: Scrapping, consoleLogs: info, deviceName: iPhone 14 Pro Max, osVersion: 16, projectName: Scrapping, userName: fazeelahmed_ujYwK3}}]}]
Capabilities {browserName: chromium, bstack:options: {accessKey: yEBTRX5KRof5cLxdwct8, buildName: Scrapping, consoleLogs: info, deviceName: iPhone 14 Pro Max, osVersion: 16, projectName: Scrapping, userName: fazeelahmed_ujYwK3}}">
      <![CDATA[org.openqa.selenium.SessionNotCreatedException: Could not start a new session. Handshake response does not match any supported protocol. Response payload:                                                                               {"value":{"message":"Could not start Mobile Browser.\n Reason: \nAn unknown server-side error occurred while processing the command. Original error: Unable to start WebDriverAgent session because of xcodebuild failure: A new session could not be created. Details: Error Domain=FBSOpenApplicationErrorDomain Code=3 \"Unable to launch browserstack.chromium.p.109.25112024.chrome.ios.dev because it has an invalid code signature, inadequate entitlements or its profile has not been explicitly trusted by the user.\" UserInfo={BSErrorCodeDescription=Security, NSLocalizedFailureReason=Unable to launch browserstack.chromium.p.109.25112024.chrome.ios.dev because it has an invalid code signature, inadequate entitlements or its profile has not been explicitly trusted by the user.} Make sure you follow the tutorial at https://github.com/appium/appium-xcuitest-driver/blob/master/docs/real-device-config.md. Try to remove the WebDriverAgentRunner application from the device if it is installed and reboot the device."},"sessionId":"","status":13} 
Host info: host: 'BLR-LP-600599A', ip: '192.168.239.75'
Build info: version: '4.22.0', revision: 'c5f3146703*'
System info: os.name: 'Windows 10', os.arch: 'amd64', os.version: '10.0', java.version: '17.0.6'
Driver info: org.openqa.selenium.remote.RemoteWebDriver
Command: [null, newSession {capabilities=[Capabilities {browserName: chromium, bstack:options: {accessKey: yEBTRX5KRof5cLxdwct8, buildName: Scrapping, consoleLogs: info, deviceName: iPhone 14 Pro Max, osVersion: 16, projectName: Scrapping, userName: fazeelahmed_ujYwK3}}]}]
Capabilities {browserName: chromium, bstack:options: {accessKey: yEBTRX5KRof5cLxdwct8, buildName: Scrapping, consoleLogs: info, deviceName: iPhone 14 Pro Max, osVersion: 16, projectName: Scrapping, userName: fazeelahmed_ujYwK3}}
at org.openqa.selenium.remote.ProtocolHandshake.lambda$createSession$1(ProtocolHandshake.java:128)
at java.base/java.util.Optional.orElseGet(Optional.java:364)
at org.openqa.selenium.remote.ProtocolHandshake.createSession(ProtocolHandshake.java:124)
at org.openqa.selenium.remote.ProtocolHandshake.createSession(ProtocolHandshake.java:75)
at org.openqa.selenium.remote.ProtocolHandshake.createSession(ProtocolHandshake.java:61)
at org.openqa.selenium.remote.HttpCommandExecutor.execute(HttpCommandExecutor.java:162)
at org.openqa.selenium.remote.TracedCommandExecutor.execute(TracedCommandExecutor.java:53)
at org.openqa.selenium.remote.RemoteWebDriver.execute(RemoteWebDriver.java:518)
at org.openqa.selenium.remote.RemoteWebDriver.startSession(RemoteWebDriver.java:232)
at org.openqa.selenium.remote.RemoteWebDriver.<init>(RemoteWebDriver.java:161)
at org.openqa.selenium.remote.RemoteWebDriver.<init>(RemoteWebDriver.java:141)
at scraping.Scrap.scrapping(Scrap.java:70)
at java.base/java.util.ArrayList.forEach(ArrayList.java:1511)
at java.base/java.util.concurrent.FutureTask.run(FutureTask.java:264)
at java.base/java.util.concurrent.ThreadPoolExecutor.runWorker(ThreadPoolExecutor.java:1136)
at java.base/java.util.concurrent.ThreadPoolExecutor$Worker.run(ThreadPoolExecutor.java:635)
at java.base/java.lang.Thread.run(Thread.java:833)
... Removed 17 stack frames]]>
    </failure>
  </testcase> <!-- scrapping -->
</testsuite> <!-- iOS Chromium -->
