<html>
<head>
<title>TestNG:  iOS Chromium</title>
<link href="../testng.css" rel="stylesheet" type="text/css" />
<link href="../my-testng.css" rel="stylesheet" type="text/css" />

<style type="text/css">
.log { display: none;} 
.stack-trace { display: none;} 
</style>
<script type="text/javascript">
<!--
function flip(e) {
  current = e.style.display;
  if (current == 'block') {
    e.style.display = 'none';
    return 0;
  }
  else {
    e.style.display = 'block';
    return 1;
  }
}

function toggleBox(szDivId, elem, msg1, msg2)
{
  var res = -1;  if (document.getElementById) {
    res = flip(document.getElementById(szDivId));
  }
  else if (document.all) {
    // this is the way old msie versions work
    res = flip(document.all[szDivId]);
  }
  if(elem) {
    if(res == 0) elem.innerHTML = msg1; else elem.innerHTML = msg2;
  }

}

function toggleAllBoxes() {
  if (document.getElementsByTagName) {
    d = document.getElementsByTagName('div');
    for (i = 0; i < d.length; i++) {
      if (d[i].className == 'log') {
        flip(d[i]);
      }
    }
  }
}

// -->
</script>

</head>
<body>
<h2 align='center'>iOS Chromium</h2><table border='1' align="center">
<tr>
<td>Tests passed/Failed/Skipped:</td><td>0/1/0</td>
</tr><tr>
<td>Started on:</td><td>Fri Mar 21 18:20:54 IST 2025</td>
</tr>
<tr><td>Total time:</td><td>98 seconds (98475 ms)</td>
</tr><tr>
<td>Included groups:</td><td></td>
</tr><tr>
<td>Excluded groups:</td><td></td>
</tr>
</table><p/>
<small><i>(Hover the method name to see the test class name)</i></small><p/>
<table width='100%' border='1' class='invocation-failed'>
<tr><td colspan='4' align='center'><b>FAILED TESTS</b></td></tr>
<tr><td><b>Test method</b></td>
<td><b>Attribute(s)</b></td>
<td width="30%"><b>Exception</b></td>
<td width="10%"><b>Time (seconds)</b></td>
<td><b>Instance</b></td>
</tr>
<tr>
<td title='scraping.Scrap.scrapping()'><b>scrapping</b><br>Test class: scraping.Scrap<br>Parameters: iOS</td>
<td><div><pre>org.openqa.selenium.SessionNotCreatedException: Could not start a new session. Handshake response does not match any supported protocol. Response payload:                                                                               {&quot;value&quot;:{&quot;message&quot;:&quot;Could not start Mobile Browser.\n Reason: \nAn unknown server-side error occurred while processing the command. Original error: Unable to start WebDriverAgent session because of xcodebuild failure: A new session could not be created. Details: Error Domain=FBSOpenApplicationErrorDomain Code=3 \&quot;Unable to launch browserstack.chromium.p.109.25112024.chrome.ios.dev because it has an invalid code signature, inadequate entitlements or its profile has not been explicitly trusted by the user.\&quot; UserInfo={BSErrorCodeDescription=Security, NSLocalizedFailureReason=Unable to launch browserstack.chromium.p.109.25112024.chrome.ios.dev because it has an invalid code signature, inadequate entitlements or its profile has not been explicitly trusted by the user.} Make sure you follow the tutorial at https://github.com/appium/appium-xcuitest-driver/blob/master/docs/real-device-config.md. Try to remove the WebDriverAgentRunner application from the device if it is installed and reboot the device.&quot;},&quot;sessionId&quot;:&quot;&quot;,&quot;status&quot;:13} 
Host info: host: &apos;BLR-LP-600599A&apos;, ip: &apos;192.168.239.75&apos;
Build info: version: &apos;4.22.0&apos;, revision: &apos;c5f3146703*&apos;
System info: os.name: &apos;Windows 10&apos;, os.arch: &apos;amd64&apos;, os.version: &apos;10.0&apos;, java.version: &apos;17.0.6&apos;
Driver info: org.openqa.selenium.remote.RemoteWebDriver
Command: [null, newSession {capabilities=[Capabilities {browserName: chromium, bstack:options: {accessKey: yEBTRX5KRof5cLxdwct8, buildName: Scrapping, consoleLogs: info, deviceName: iPhone 14 Pro Max, osVersion: 16, projectName: Scrapping, userName: fazeelahmed_ujYwK3}}]}]
Capabilities {browserName: chromium, bstack:options: {accessKey: yEBTRX5KRof5cLxdwct8, buildName: Scrapping, consoleLogs: info, deviceName: iPhone 14 Pro Max, osVersion: 16, projectName: Scrapping, userName: fazeelahmed_ujYwK3}}
	at org.openqa.selenium.remote.ProtocolHandshake.lambda$createSession$1(ProtocolHandshake.java:128)
	at java.base/java.util.Optional.orElseGet(Optional.java:364)
	at org.openqa.selenium.remote.ProtocolHandshake.createSession(ProtocolHandshake.java:124)
	at org.openqa.selenium.remote.ProtocolHandshake.createSession(ProtocolHandshake.java:75)
	at org.openqa.selenium.remote.ProtocolHandshake.createSession(ProtocolHandshake.java:61)
	at org.openqa.selenium.remote.HttpCommandExecutor.execute(HttpCommandExecutor.java:162)
	at org.openqa.selenium.remote.TracedCommandExecutor.execute(TracedCommandExecutor.java:53)
	at org.openqa.selenium.remote.RemoteWebDriver.execute(RemoteWebDriver.java:518)
	at org.openqa.selenium.remote.RemoteWebDriver.startSession(RemoteWebDriver.java:232)
	at org.openqa.selenium.remote.RemoteWebDriver.&lt;init&gt;(RemoteWebDriver.java:161)
	at org.openqa.selenium.remote.RemoteWebDriver.&lt;init&gt;(RemoteWebDriver.java:141)
	at scraping.Scrap.scrapping(Scrap.java:70)
	at java.base/java.util.ArrayList.forEach(ArrayList.java:1511)
	at java.base/java.util.concurrent.FutureTask.run(FutureTask.java:264)
	at java.base/java.util.concurrent.ThreadPoolExecutor.runWorker(ThreadPoolExecutor.java:1136)
	at java.base/java.util.concurrent.ThreadPoolExecutor$Worker.run(ThreadPoolExecutor.java:635)
	at java.base/java.lang.Thread.run(Thread.java:833)
... Removed 17 stack frames</pre></div><a href='#' onClick='toggleBox("stack-trace649761390", this, "Click to show all stack frames", "Click to hide stack frames")'>Click to show all stack frames</a>
<div class='stack-trace' id='stack-trace649761390'><pre>org.openqa.selenium.SessionNotCreatedException: Could not start a new session. Handshake response does not match any supported protocol. Response payload:                                                                               {&quot;value&quot;:{&quot;message&quot;:&quot;Could not start Mobile Browser.\n Reason: \nAn unknown server-side error occurred while processing the command. Original error: Unable to start WebDriverAgent session because of xcodebuild failure: A new session could not be created. Details: Error Domain=FBSOpenApplicationErrorDomain Code=3 \&quot;Unable to launch browserstack.chromium.p.109.25112024.chrome.ios.dev because it has an invalid code signature, inadequate entitlements or its profile has not been explicitly trusted by the user.\&quot; UserInfo={BSErrorCodeDescription=Security, NSLocalizedFailureReason=Unable to launch browserstack.chromium.p.109.25112024.chrome.ios.dev because it has an invalid code signature, inadequate entitlements or its profile has not been explicitly trusted by the user.} Make sure you follow the tutorial at https://github.com/appium/appium-xcuitest-driver/blob/master/docs/real-device-config.md. Try to remove the WebDriverAgentRunner application from the device if it is installed and reboot the device.&quot;},&quot;sessionId&quot;:&quot;&quot;,&quot;status&quot;:13} 
Host info: host: &apos;BLR-LP-600599A&apos;, ip: &apos;192.168.239.75&apos;
Build info: version: &apos;4.22.0&apos;, revision: &apos;c5f3146703*&apos;
System info: os.name: &apos;Windows 10&apos;, os.arch: &apos;amd64&apos;, os.version: &apos;10.0&apos;, java.version: &apos;17.0.6&apos;
Driver info: org.openqa.selenium.remote.RemoteWebDriver
Command: [null, newSession {capabilities=[Capabilities {browserName: chromium, bstack:options: {accessKey: yEBTRX5KRof5cLxdwct8, buildName: Scrapping, consoleLogs: info, deviceName: iPhone 14 Pro Max, osVersion: 16, projectName: Scrapping, userName: fazeelahmed_ujYwK3}}]}]
Capabilities {browserName: chromium, bstack:options: {accessKey: yEBTRX5KRof5cLxdwct8, buildName: Scrapping, consoleLogs: info, deviceName: iPhone 14 Pro Max, osVersion: 16, projectName: Scrapping, userName: fazeelahmed_ujYwK3}}
	at org.openqa.selenium.remote.ProtocolHandshake.lambda$createSession$1(ProtocolHandshake.java:128)
	at java.base/java.util.Optional.orElseGet(Optional.java:364)
	at org.openqa.selenium.remote.ProtocolHandshake.createSession(ProtocolHandshake.java:124)
	at org.openqa.selenium.remote.ProtocolHandshake.createSession(ProtocolHandshake.java:75)
	at org.openqa.selenium.remote.ProtocolHandshake.createSession(ProtocolHandshake.java:61)
	at org.openqa.selenium.remote.HttpCommandExecutor.execute(HttpCommandExecutor.java:162)
	at org.openqa.selenium.remote.TracedCommandExecutor.execute(TracedCommandExecutor.java:53)
	at org.openqa.selenium.remote.RemoteWebDriver.execute(RemoteWebDriver.java:518)
	at org.openqa.selenium.remote.RemoteWebDriver.startSession(RemoteWebDriver.java:232)
	at org.openqa.selenium.remote.RemoteWebDriver.&lt;init&gt;(RemoteWebDriver.java:161)
	at org.openqa.selenium.remote.RemoteWebDriver.&lt;init&gt;(RemoteWebDriver.java:141)
	at scraping.Scrap.scrapping(Scrap.java:70)
	at java.base/jdk.internal.reflect.NativeMethodAccessorImpl.invoke0(Native Method)
	at java.base/jdk.internal.reflect.NativeMethodAccessorImpl.invoke(NativeMethodAccessorImpl.java:77)
	at java.base/jdk.internal.reflect.DelegatingMethodAccessorImpl.invoke(DelegatingMethodAccessorImpl.java:43)
	at java.base/java.lang.reflect.Method.invoke(Method.java:568)
	at org.testng.internal.invokers.MethodInvocationHelper.invokeMethod(MethodInvocationHelper.java:139)
	at org.testng.internal.invokers.TestInvoker.invokeMethod(TestInvoker.java:677)
	at org.testng.internal.invokers.TestInvoker.invokeTestMethod(TestInvoker.java:221)
	at org.testng.internal.invokers.MethodRunner.runInSequence(MethodRunner.java:50)
	at org.testng.internal.invokers.TestInvoker$MethodInvocationAgent.invoke(TestInvoker.java:969)
	at org.testng.internal.invokers.TestInvoker.invokeTestMethods(TestInvoker.java:194)
	at org.testng.internal.invokers.TestMethodWorker.invokeTestMethods(TestMethodWorker.java:148)
	at org.testng.internal.invokers.TestMethodWorker.run(TestMethodWorker.java:128)
	at java.base/java.util.ArrayList.forEach(ArrayList.java:1511)
	at org.testng.TestRunner.privateRun(TestRunner.java:829)
	at org.testng.TestRunner.run(TestRunner.java:602)
	at org.testng.SuiteRunner.runTest(SuiteRunner.java:437)
	at org.testng.SuiteRunner$SuiteWorker.run(SuiteRunner.java:475)
	at org.testng.internal.thread.ThreadUtil.lambda$execute$0(ThreadUtil.java:58)
	at java.base/java.util.concurrent.FutureTask.run(FutureTask.java:264)
	at java.base/java.util.concurrent.ThreadPoolExecutor.runWorker(ThreadPoolExecutor.java:1136)
	at java.base/java.util.concurrent.ThreadPoolExecutor$Worker.run(ThreadPoolExecutor.java:635)
	at java.base/java.lang.Thread.run(Thread.java:833)
</pre></div></td>
<td>98</td>
<td>scraping.Scrap@46cdf8bd</td></tr>
</table><p>
</body>
</html>